1628
3 2918 5067 1828 
3 8544 680 1454 
3 9227 4959 5719 
2 5274 7693 
4 5343 3916 1061 6728 
2 6577 5298 
3 2797 1492 6817 
4 2506 8814 1244 3966 
3 4202 3924 8703 
3 1683 5333 2514 
4 405 3127 8596 372 
2 9814 3083 
3 5855 8064 9485 
4 1636 1228 4764 8926 
2 2856 8638 
3 4476 2706 8426 
4 6266 2388 7951 5134 
2 801 2013 
4 4012 2596 6160 3117 
4 7840 2933 8354 1952 
3 8969 5239 8929 
4 1438 1902 2462 4759 
3 59 2575 4656 
3 8280 7293 6139 
4 7213 4749 2257 5557 
2 4391 1398 
4 1452 3973 7388 6071 
4 3239 9280 3469 8069 
2 8551 4096 
3 3388 9619 5771 
4 9608 2830 3358 1920 
2 5652 3806 
2 8021 8332 
2 5048 6564 
2 6630 3150 
4 2118 555 697 6975 
4 8478 7022 4805 9345 
2 1795 9790 
4 6282 3371 1542 8186 
4 3894 8873 6432 4868 
2 1949 6885 
4 8170 7359 6209 4709 
2 5636 7602 
4 7218 601 7779 5594 
4 7718 9199 7958 8479 
2 4137 7870 
4 9091 4498 9237 217 
3 987 2901 6106 
4 75 7502 4657 8263 
2 7520 6933 
2 3157 473 
4 9260 2106 111 7877 
2 3767 5867 
3 2064 8791 4982 
3 2261 7136 8683 
3 864 6134 1222 
4 4921 4738 3247 8120 
3 6216 5186 7235 
3 3874 9297 2843 
4 6627 9062 2839 4294 
2 2125 242 
2 9008 2375 
4 301 8506 4629 4342 
2 1253 3928 
3 3111 5919 244 
3 2361 890 4123 
2 2171 8183 
2 6438 8993 
2 9750 4103 
2 7436 8461 
2 4951 4143 
3 2762 259 7208 
4 5794 4883 7182 744 
4 8288 7086 5354 528 
3 3450 7124 73 
2 9406 1968 
4 558 8427 3495 6062 
3 2311 9184 8146 
4 7868 2245 5777 5337 
3 6726 9967 381 
2 9693 5687 
3 6733 3041 5558 
2 6820 8641 
4 8511 4873 2659 8795 
4 9845 7355 7166 6005 
4 6561 9794 1022 2801 
2 9477 3297 
4 7535 1317 3073 5468 
2 7589 3250 
2 5832 6039 
2 5409 6140 
4 2523 3552 4309 5432 
3 3602 292 9532 
3 6673 9877 5231 
2 2387 9832 
3 4052 8576 9077 
4 4306 1349 8059 7923 
3 5241 676 5089 
2 3165 2899 
2 2672 1053 
3 9806 3126 6569 
4 7967 7741 6363 3152 
4 7322 5662 9743 9604 
4 9457 2967 5552 2201 
4 237 9064 169 9375 
2 2746 2172 
2 6527 7052 
3 3597 2997 1793 
2 3766 470 
2 9082 6091 
2 9998 7341 
4 1740 4936 1638 1721 
2 6265 2156 
2 7073 3565 
3 4447 6722 313 
3 3397 6840 6151 
3 3208 5595 7647 
4 6184 6973 8395 4007 
4 7940 5612 1444 2168 
4 8587 2807 6540 1181 
4 6557 6217 1358 8318 
2 5316 937 
3 1998 7701 7025 
3 7237 4776 4818 
4 6398 6644 4962 7219 
3 5277 1187 1876 
4 9971 6905 8753 7705 
2 3261 93 
2 1508 914 
4 6155 8633 8954 5450 
4 7204 9053 9374 8007 
3 4773 7969 5400 
3 9470 8498 845 
4 3081 7641 6156 7278 
3 965 8022 8124 
2 5617 9410 
4 6838 7280 6375 2048 
3 9303 3299 7014 
3 4442 4011 8812 
4 7930 1501 2937 4200 
4 617 5027 94 8180 
4 5583 6523 7418 946 
2 6695 2158 
4 6370 8733 673 8327 
3 5948 145 8713 
4 5453 2995 2145 9066 
3 7716 1134 1180 
4 9307 5282 9620 6874 
3 5845 8274 4254 
4 4938 1937 293 1807 
3 1843 8417 1141 
3 2567 5465 7966 
3 7514 2560 4135 
3 8686 4518 7900 
4 398 2954 4321 7611 
2 2535 2897 
4 4860 2633 4433 1303 
4 1923 7655 8631 1267 
4 88 2138 6341 9205 
3 8745 3314 5741 
4 8702 9556 896 9987 
2 4233 4089 
2 2045 9440 
3 1673 5159 769 
3 3317 8841 312 
2 9318 6543 
3 7411 46 7389 
2 6443 7819 
3 2500 7981 5088 
2 8150 7525 
4 1493 7202 9450 1526 
4 6481 2966 7224 7561 
4 7850 7093 2075 706 
4 3504 1198 9248 7137 
3 3203 3798 6883 
4 1412 7358 9992 540 
2 3872 8612 
2 602 2456 
3 4692 1060 7065 
3 3769 7749 252 
2 3919 4689 
3 7041 6680 9252 
2 8744 4621 
2 1674 9938 
3 7956 758 8767 
3 9250 4637 4203 
3 4140 9826 9526 
4 2771 3871 2585 6241 
4 7759 8925 5632 7174 
4 7700 4018 7481 8563 
2 4713 6195 
4 3722 2909 6539 5634 
2 7803 2853 
3 7149 5052 1513 
2 5285 5649 
4 9774 4735 186 2822 
3 2208 7283 7793 
4 7790 2799 2574 6437 
2 4161 3697 
3 615 163 8835 
3 406 1447 9408 
3 4517 2919 2429 
4 4969 2849 7613 3978 
3 5924 9272 1117 
4 7094 9997 2263 9344 
2 6258 7904 
3 7748 8400 5283 
3 9263 4510 6020 
4 2292 8158 7886 4198 
3 1521 6408 6826 
3 5585 3992 9292 
2 7581 5862 
3 2193 9403 7708 
2 3385 4767 
4 2694 808 1081 7542 
3 7096 5776 158 
3 6981 4827 4596 
4 9725 102 5879 9071 
2 6451 2448 
4 9727 1072 3516 7295 
4 9721 298 1603 3072 
4 8566 2676 5535 3258 
3 7199 6777 6483 
3 235 888 6990 
2 1248 8553 
4 9357 8488 8339 4744 
2 9960 8305 
2 9458 4365 
3 928 4914 6293 
4 330 9078 9856 9445 
3 1982 6204 6917 
4 6080 4532 1246 6214 
2 1265 6476 
4 149 3273 468 2645 
3 8237 7039 1651 
2 1764 175 
4 1775 7404 5648 2700 
3 3156 3169 1443 
2 436 2205 
4 3503 4659 7299 7731 
2 6493 6928 
3 5875 3666 1093 
3 1662 4047 9059 
2 3174 1575 
2 6835 4677 
4 7145 760 2359 5906 
4 3778 8746 4729 7669 
3 5767 7384 1690 
3 8867 8402 6648 
2 8719 2692 
3 5874 6470 4367 
4 461 5864 7070 8109 
3 4811 1981 4483 
4 2518 5308 4963 5243 
4 89 3488 7623 9120 
4 9288 43 7670 4927 
3 9797 9940 4076 
2 4247 3984 
2 7301 8239 
3 5610 7078 6006 
3 8692 2282 5657 
4 3448 9061 3620 9370 
4 7242 7409 7921 299 
3 2113 3676 2738 
4 9209 6048 565 8494 
4 8798 868 8350 5760 
4 8948 359 8187 3384 
4 9273 3006 8229 8776 
4 9646 8604 8577 9314 
3 6773 2280 2398 
2 5355 4285 
4 9321 5169 4381 2829 
4 6166 8421 9827 6387 
2 3213 9040 
3 5686 6992 229 
4 1486 1312 4763 2890 
4 3881 5398 4910 2825 
3 11 7315 7892 
3 65 1328 3379 
4 7707 8009 8810 9944 
4 5611 9431 931 9379 
2 718 5869 
4 7541 5986 6795 9579 
4 3739 2174 275 2728 
2 7680 5086 
3 7188 1697 8864 
4 9442 3540 7421 4484 
4 5818 5791 1681 2970 
2 3093 3930 
2 2726 6902 
4 6844 3418 1207 3955 
2 4743 2653 
3 975 7756 9352 
3 8262 231 7938 
4 7852 1897 6344 7823 
3 7876 3896 1719 
4 6194 2958 3994 2373 
2 7971 8430 
2 6724 1098 
3 8578 1590 1909 
3 28 8275 8235 
4 3675 214 4974 719 
3 638 8227 6575 
4 3361 1291 6430 8708 
4 737 5715 7734 2664 
4 4035 8240 8986 5834 
3 8010 6951 9732 
2 1408 9825 
2 9336 2635 
4 5991 3630 2309 4987 
4 2085 1113 465 1476 
4 7337 6507 5566 6244 
2 7801 1478 
2 696 6148 
4 9253 8197 5369 306 
2 3875 3738 
3 5107 7288 4686 
2 4375 5592 
4 2196 7769 2475 8964 
3 7291 5270 9903 
3 6959 18 8485 
3 5051 1965 8061 
4 2420 7329 7527 4937 
3 4693 7300 9841 
4 4199 3484 9479 7475 
2 5132 3530 
2 979 326 
3 4985 7169 8970 
4 9811 9042 8407 3136 
2 3033 5775 
4 1812 2303 7356 9549 
3 917 1360 2705 
3 7181 641 4741 
2 1175 609 
3 7831 7214 67 
4 9984 7702 6609 3838 
2 6073 1339 
4 5921 9921 9765 8665 
2 1940 5734 
4 6642 2301 1622 661 
3 9782 786 3221 
4 1591 5797 717 4252 
3 529 6466 8450 
4 1361 9711 6202 6668 
4 8108 262 8463 8432 
2 1946 6986 
2 8825 2552 
2 9709 3374 
2 6031 693 
2 1232 3801 
2 8520 1707 
3 1314 9730 8772 
2 1938 5806 
4 3185 9220 9493 4573 
3 9729 2879 9453 
3 6974 8306 8726 
2 9369 8403 
3 8768 9311 5150 
4 6538 2482 2808 5824 
3 7036 8475 3959 
3 624 2195 838 
2 7802 8890 
4 9801 6016 5344 8117 
4 6419 4450 4027 4604 
4 9843 9389 6708 9032 
2 3903 3810 
4 2110 7144 1654 7023 
2 5615 4136 
4 1432 8299 9191 3830 
3 9756 6129 6798 
4 6138 6456 585 4798 
3 4942 2496 81 
3 9309 6002 8526 
2 9028 110 
3 2501 926 4949 
2 9063 454 
2 921 6719 
4 5176 475 1505 8397 
3 7430 3848 3730 
4 370 7103 7365 2267 
4 8804 4624 7530 5399 
3 5821 9582 2783 
2 3294 4368 
2 8287 488 
3 3651 2976 3405 
3 1174 9106 3659 
2 6825 4890 
3 9760 2947 4304 
4 4152 3891 7244 382 
4 3115 3069 2167 5395 
2 5497 3575 
4 8317 5153 6452 5215 
2 8083 2876 
4 784 5576 9945 4424 
4 6205 9394 5968 0 
3 6145 3245 1997 
4 5201 9571 502 6913 
4 3154 9141 6411 4857 
3 3925 2621 5118 
3 360 8570 2497 
4 6207 2907 4410 7978 
4 7038 6357 7615 1399 
3 164 1152 1455 
3 8454 4122 6108 
2 4290 7201 
2 3560 2620 
3 1381 4874 594 
3 338 50 7896 
2 9153 2765 
4 720 8585 1154 7766 
3 1020 2217 2589 
3 8129 7639 8614 
2 3394 1137 
2 1280 3173 
4 5478 4984 4451 1164 
4 4979 1409 9766 8958 
3 1988 1658 9934 
4 5024 637 6635 1817 
4 8586 4281 4317 9736 
3 1157 6953 1631 
2 7026 2878 
4 346 1466 2165 2283 
4 84 4048 3549 5507 
3 6579 4697 8333 
4 7494 4359 2148 6804 
4 7836 2302 3902 8826 
3 3879 7656 2023 
2 8878 6107 
3 6030 3949 1414 
4 8901 8388 7785 3517 
3 1049 6045 7739 
3 777 6948 7483 
2 1869 3712 
3 4968 9372 753 
2 8558 9952 
4 8080 6801 9156 8270 
2 887 5647 
4 7227 4639 3546 1125 
2 2333 4400 
3 8500 1605 2250 
3 3671 531 856 
4 1426 1725 5769 3696 
4 7792 1008 5885 3481 
4 8422 2741 7079 3513 
4 9180 2127 7302 289 
4 7975 2215 1385 8013 
2 5447 5247 
4 5542 1980 6376 9337 
2 9262 7115 
3 5157 8213 2326 
2 3593 3563 
2 8898 2442 
4 5415 9986 7983 9955 
4 9930 817 4535 4312 
3 5022 5228 7241 
2 7057 7696 
2 3114 8444 
2 3677 4255 
2 9708 5180 
4 4771 5455 8589 134 
4 8693 5097 4303 7183 
4 5404 6412 573 7196 
2 8989 3684 
2 8391 7167 
2 9137 8210 
2 4371 8381 
2 6028 2043 
4 695 2595 5200 6025 
4 9135 1845 3720 8754 
2 6052 643 
4 6632 2546 3477 646 
2 6121 7778 
4 9313 3074 4898 1076 
3 1886 3716 2786 
2 2495 960 
3 3436 811 7354 
2 4334 571 
2 5578 1560 
2 4528 4039 
3 6760 8253 2999 
3 8983 5040 1954 
3 2917 7676 6415 
4 8518 9050 999 1405 
2 9595 8029 
4 2531 7263 399 627 
3 899 3078 2067 
3 1825 4946 9607 
2 2002 8000 
2 4712 5713 
3 8312 9469 7770 
3 796 7441 4182 
3 8077 9703 4980 
4 7309 2844 5973 3976 
4 7050 2831 5074 803 
2 2662 8634 
4 2987 9210 3027 2580 
2 2742 4256 
2 4492 4418 
4 3938 682 1177 6276 
2 5391 189 
4 9327 2004 7740 3018 
2 5035 8689 
3 9904 9075 2036 
3 634 9628 7560 
3 3908 9795 6598 
4 4066 5677 8048 8938 
2 9885 4494 
2 6810 9704 
3 5826 9515 2564 
4 825 6068 8374 8016 
4 2650 9413 5224 1205 
3 1901 1220 6574 
3 4345 8194 8433 
3 1514 8228 8593 
3 3191 7153 5473 
4 3402 1619 2627 3257 
3 3272 1230 9421 
4 2090 9863 9910 7839 
4 949 4561 6690 7754 
4 623 9472 2006 7911 
2 9829 5808 
2 4343 766 
4 366 7432 8667 559 
3 4756 3927 2579 
4 6827 2660 4858 8047 
3 33 8193 9 
2 6130 613 
4 7434 9647 9783 4138 
4 1003 8254 4149 8842 
2 6381 7664 
4 982 1264 4395 8637 
4 4819 2607 2789 5553 
4 5848 4479 1735 7108 
4 296 52 9902 970 
3 3404 3438 8659 
3 8928 9037 4355 
2 8840 5887 
2 9581 2602 
4 3723 8820 5280 2562 
3 5736 4279 3235 
2 4802 7853 
3 4380 812 3109 
3 3532 496 6937 
4 8836 1790 4061 9277 
4 4162 223 2608 2368 
3 1495 9807 2459 
4 9858 1410 4754 562 
2 5530 3079 
4 2457 8784 1196 1950 
2 1200 7704 
3 1148 9528 534 
2 7722 6222 
4 8128 4924 5194 7721 
4 9298 1144 5321 6993 
3 8462 2781 7190 
4 112 5560 7500 2566 
4 3772 3940 7175 1675 
3 6390 6249 839 
2 1929 4291 
2 6472 6634 
4 7233 1307 9103 5508 
3 1607 3934 2033 
4 508 5525 4723 455 
2 8111 143 
4 8345 4972 4372 1908 
2 4775 826 
4 2671 8849 2763 9548 
4 243 8844 894 3396 
4 8785 800 9492 8234 
3 3345 9436 6474 
3 6324 3149 133 
3 464 5436 8663 
4 2130 5173 8095 5970 
3 6104 6345 6966 
2 8597 4952 
3 3453 7643 1333 
4 1210 2281 2988 4579 
2 5483 7047 
3 1839 9873 1875 
3 3085 5167 2848 
4 295 8438 8027 8943 
2 337 698 
3 5579 3268 8303 
2 5406 2968 
4 1204 9371 8505 4396 
2 5606 5319 
3 6819 4244 294 
4 8338 2129 7275 4439 
4 471 7599 6444 3834 
4 1468 1543 8942 4838 
2 4125 2059 
3 3313 8806 5125 
4 7048 7618 2182 8542 
3 3658 4060 2328 
4 7362 1457 509 5500 
3 6581 8618 5904 
3 8348 7440 6684 
2 4887 5872 
2 4452 6069 
4 1632 810 3020 2717 
4 5670 545 9030 5101 
4 5938 7549 6977 3839 
2 1033 3344 
4 1805 1781 2519 3210 
2 7633 4932 
3 7807 2185 6762 
3 686 403 2354 
3 4895 6881 8749 
3 9696 9335 5463 
4 3362 3012 49 1990 
4 2103 4211 8517 1028 
4 2615 6672 9239 6791 
2 443 4816 
4 7348 5342 5137 2178 
4 1300 9101 3613 2186 
2 989 155 
3 1392 2035 2053 
4 31 4000 9611 8537 
4 1748 4085 7955 2056 
2 5256 3167 
2 5861 5680 
4 1499 4184 2614 278 
4 929 8340 4694 2604 
2 6939 6462 
3 8020 6220 7619 
2 5471 3942 
2 4017 1400 
2 3196 3039 
4 3869 5678 3705 2814 
4 7438 7993 608 7259 
3 7485 261 3579 
3 493 8079 5441 
3 4966 4470 5559 
3 5426 6281 3920 
3 8331 9010 8149 
4 8125 2558 6720 4114 
2 1761 6503 
3 1436 154 7808 
3 3218 5160 9417 
3 3335 7170 2858 
3 9489 1379 733 
3 480 5811 9039 
4 3487 5567 4356 2891 
2 285 667 
4 7445 8031 4195 4102 
4 5276 5971 9401 4058 
4 702 4671 4755 6829 
2 2135 1308 
4 5556 4831 6004 3026 
2 5796 8656 
3 9888 7679 4389 
3 8373 6315 1112 
4 4970 1221 9407 3667 
4 132 148 7528 9521 
4 4392 5786 7959 4912 
4 748 1696 1107 7578 
2 2974 4467 
3 4308 8501 8695 
4 6489 5756 8236 2922 
4 4163 343 9074 7645 
4 8524 9306 4619 6514 
3 8015 4084 4088 
2 1723 2802 
4 3021 4383 7000 6403 
4 4711 9377 8676 4010 
2 3510 1587 
2 7847 5356 
4 2805 3840 3260 417 
3 6620 1254 1676 
3 3311 3474 9294 
3 3372 9194 4996 
4 511 1417 142 32 
3 4440 2384 7185 
4 107 4073 1903 5387 
2 119 1796 
2 6325 277 
3 6924 2078 8255 
4 128 8033 9662 3377 
3 9021 4218 4675 
4 1749 5795 6576 2752 
2 9419 4069 
3 4514 8783 1977 
2 9380 1162 
3 9102 4585 9005 
2 9045 5957 
4 6866 4456 828 1325 
3 7667 8311 2003 
4 5711 8226 9484 7450 
2 1756 6723 
4 2229 9145 7583 7736 
4 5129 764 2780 5309 
4 364 757 8968 3827 
3 5284 5953 9800 
3 938 3433 5043 
4 4542 4801 721 9969 
4 6075 6945 9096 419 
2 24 4513 
4 9001 1873 3460 5922 
3 4124 5350 8662 
4 9870 9924 5708 6275 
3 76 1448 4454 
4 2850 1158 9637 1562 
4 6867 5642 1211 6880 
4 2147 1085 8509 4820 
2 2584 2112 
3 7745 4545 369 
4 8139 3459 7997 3274 
4 6294 5637 5544 5314 
3 3497 4837 2520 
2 9901 5102 
2 5494 7037 
3 3044 166 3043 
2 8477 8569 
3 6300 4118 6260 
4 7529 6765 9330 5758 
3 3640 9293 2666 
2 1393 5339 
2 1548 3166 
4 1424 886 1299 8222 
3 3363 7771 5480 
3 4674 6793 2869 
3 8489 35 3308 
4 236 2428 1942 4132 
4 5248 9354 6691 2352 
2 3449 7672 
3 692 7076 4770 
2 5803 2923 
4 8383 2610 193 2046 
3 8216 2939 4556 
3 724 1786 241 
2 7055 1229 
4 2530 4166 3661 1459 
3 2460 6602 3293 
3 6183 857 4267 
4 7252 4474 218 314 
3 1078 6582 2445 
4 269 6352 8271 5362 
2 8933 1354 
2 1266 4893 
2 4559 9301 
3 5820 1842 8709 
3 9348 439 735 
4 2737 8564 1418 5515 
2 5950 1810 
3 7049 4032 1665 
4 6492 5870 7444 8309 
4 3760 7569 9090 7723 
4 3095 1259 7487 274 
2 451 1027 
2 7885 6860 
4 8632 1384 1225 943 
3 6851 5653 6968 
3 1733 1032 2424 
3 2455 9744 9361 
4 8606 190 9378 8916 
4 4862 9126 6096 8370 
3 9213 6605 4527 
2 6347 8455 
2 6098 401 
4 6878 7496 8755 3391 
4 3472 4812 4265 1527 
3 9648 7479 5448 
4 3030 1017 8918 6011 
4 6229 553 2273 9076 
2 1512 1547 
3 4575 2221 1580 
2 5046 7954 
2 4529 8182 
2 1912 5876 
4 5844 5591 3334 6659 
4 8615 7607 6405 8075 
4 4660 6299 2284 4219 
4 1528 8645 4511 185 
3 8163 8123 6174 
2 3832 1716 
3 3429 6485 663 
2 3163 9812 
4 671 4144 6856 9488 
3 9505 3737 1758 
2 4412 1612 
4 5965 1750 9487 3007 
2 5230 8513 
3 9286 5849 1867 
3 873 7360 4730 
2 3159 4225 
2 240 872 
3 889 1550 9754 
2 6043 2254 
2 2715 563 
2 8658 6805 
4 7467 7179 8358 3414 
2 6372 3309 
2 3629 5296 
3 1245 1012 4016 
3 9054 3843 44 
4 1445 9320 9437 4746 
4 1892 859 7394 45 
4 380 2086 5757 445 
2 8730 6669 
4 2769 1285 4988 1862 
4 7677 4605 7992 3292 
4 6725 1161 9951 1427 
4 4497 3944 3215 1616 
2 3437 6441 
4 7640 8320 7533 348 
3 809 8113 6067 
2 5983 3171 
4 6250 1356 7420 8329 
3 69 1256 6775 
4 639 9013 6465 2024 
2 9933 5143 
4 4748 9871 9908 9009 
4 9281 2943 6591 9516 
2 2882 6301 
2 8562 3356 
2 9383 8521 
4 3226 6610 956 5509 
2 5727 6105 
3 876 9355 1957 
3 1262 1620 7380 
2 4109 4175 
4 6529 9382 6435 7320 
4 1369 1606 7361 2161 
4 3574 7887 4906 703 
4 7768 3660 4466 6310 
4 7764 8628 4399 1005 
2 2218 7826 
4 4481 1082 9931 5213 
4 5417 1829 4190 2235 
3 3559 6619 5643 
2 6769 2453 
4 6361 8049 2484 9714 
2 7849 1945 
2 3121 1848 
2 9920 113 
2 2297 7172 
3 4390 6865 1413 
3 5172 2310 592 
2 8474 915 
2 21 882 
4 4278 5401 1143 9196 
3 597 2234 2274 
4 9043 4293 56 4093 
2 4419 4362 
2 141 5654 
3 1378 6000 9818 
4 5033 790 7381 2555 
3 1712 8321 8613 
2 1534 3050 
4 8696 9228 8717 2256 
3 8390 8773 6660 
2 8334 5066 
3 3220 5593 7276 
4 9982 5841 5457 6360 
2 8171 4815 
4 4698 6735 179 6749 
3 8797 1272 7260 
4 9668 1463 5850 7385 
3 1888 7558 1885 
4 1866 3522 1350 5379 
2 2089 4116 
3 6114 2324 3626 
2 554 3010 
4 4714 7730 1774 1199 
3 1509 9928 2536 
2 1370 90 
4 5059 7562 8335 3800 
3 2696 8132 8304 
3 8936 1182 985 
3 4327 9715 7405 
2 7526 8691 
2 6746 770 
2 978 7468 
2 8655 2181 
2 6173 9684 
3 8860 8847 3970 
2 2458 7932 
3 973 3178 767 
3 310 4146 8140 
3 3877 2881 3201 
4 3665 2315 561 8099 
2 532 2847 
3 765 5287 8453 
3 4406 2964 3060 
3 2756 3373 3139 
2 4326 3184 
3 4649 4828 3049 
3 130 805 63 
2 9402 1602 
2 7097 9946 
3 8259 3649 665 
3 184 4320 1596 
3 4807 877 5511 
3 2941 9985 6477 
2 8528 1855 
2 6633 234 
4 1103 1372 8891 4973 
3 6925 4026 8294 
4 9026 5202 5008 1142 
2 6943 9128 
2 1643 5695 
3 8423 1390 3790 
2 2893 4423 
4 96 3193 8246 5793 
4 29 7455 4733 5171 
2 5658 7654 
4 5062 6208 5996 2944 
2 4107 5709 
3 58 6049 1089 
3 6150 705 7616 
2 4618 3421 
3 5131 342 7646 
4 5674 6373 2400 8074 
2 2050 8545 
2 4025 7281 
3 4772 4531 8889 
3 7171 7109 8135 
2 6487 3731 
3 1018 5063 5918 
4 8625 3686 6027 7557 
2 6782 567 
3 7191 8819 1729 
3 4240 7215 6342 
3 5603 8711 9134 
3 7758 4609 8762 
3 1821 6713 8828 
4 305 3825 3223 9612 
2 2867 9144 
3 7152 4823 6664 
2 9473 9219 
3 6018 4042 2244 
4 8359 3963 1685 444 
2 1422 1011 
2 7282 9881 
2 1915 6784 
3 6721 3662 6185 
2 77 6772 
2 6736 5941 
4 9098 7939 4150 7531 
3 1720 5244 3022 
4 198 4794 6332 8930 
4 1747 8770 4667 2656 
3 3262 7505 1491 
4 9990 7832 6158 9724 
3 787 5857 1893 
4 4086 6997 4634 3338 
3 3390 8899 841 
2 7861 6210 
3 3364 8607 273 
2 9977 4364 
3 1608 920 1557 
3 2192 1738 2894 
4 7825 385 1055 5868 
3 2374 8082 7729 
4 6757 4104 3595 2572 
3 6985 9959 4534 
2 9846 1659 
3 4059 2082 6699 
2 5017 3768 
2 1785 157 
3 653 9007 4493 
4 7001 1736 2873 8126 
4 1647 4415 2334 7193 
4 3802 1728 3350 8764 
2 2017 4461 
4 2353 1854 6623 9319 
4 9562 7889 632 8224 
3 9738 7462 3846 
2 5225 6413 
2 7873 8868 
2 8748 7524 
4 3323 3569 998 1133 
4 6277 952 7945 7273 
3 6806 2001 2410 
2 3537 1323 
3 7809 9441 2209 
2 9287 2114 
3 7009 9117 1036 
3 9879 5730 9501 
4 7964 7871 2695 3617 
4 2507 7125 8285 505 
4 6567 4192 9896 3068 
4 9257 3536 7605 3784 
4 8568 4909 4287 833 
2 3805 8988 
3 6504 1168 3755 
2 5705 8939 
4 1518 1746 823 6525 
2 7198 5372 
2 6994 867 
4 5403 4886 8657 5313 
3 5352 8291 9405 
4 5392 9859 2779 2727 
3 290 8579 6663 
4 3619 8034 7401 5388 
4 8085 8775 5165 574 
3 4717 1916 9880 
3 6830 1700 7556 
3 6072 7311 6815 
2 8355 288 
3 7652 8068 8829 
4 5782 2034 6916 8265 
2 8336 3443 
4 4079 6797 1194 5216 
4 6119 3708 6739 1573 
2 1524 2697 
4 7051 9570 1215 1672 
3 2938 5724 1255 
4 7209 7503 7963 9305 
3 5490 9824 26 
4 5651 7488 9970 7929 
3 1768 2276 8737 
3 635 6076 6234 
3 335 4595 3330 
4 7121 5265 4553 8023 
4 478 9705 8293 9580 
4 4554 260 2766 6329 
2 6697 4902 
3 7767 2887 6800 
2 1917 1951 
2 6350 8137 
2 4141 4386 
3 5222 7888 8837 
3 3470 4552 7920 
3 5723 300 6903 
2 8567 1197 
2 6969 1118 
4 6200 3719 9569 321 
4 2565 7901 6531 6754 
4 4053 4866 4353 4658 
4 6461 5780 2796 6133 
3 3968 6709 6064 
2 8907 5124 
3 8560 8995 5828 
2 7046 5031 
4 7130 8040 771 4731 
2 5206 5897 
3 688 1465 9669 
4 2306 3479 2144 4044 
3 1241 3057 8188 
2 8001 2279 
4 9432 5258 6333 9922 
4 2170 7114 8575 6467 
4 4041 9897 8555 8862 
4 457 3833 5573 8103 
4 5148 7683 9459 6991 
4 7697 8994 6237 1151 
4 6377 6218 4427 4564 
4 5735 5444 9771 6263 
2 2936 7211 
3 6790 5702 4236 
3 412 4503 5175 
3 4013 4797 6161 
3 5259 9254 6785 
2 8871 5182 
2 4441 9665 
2 1069 4608 
3 7020 6501 3616 
4 4502 6960 287 253 
2 756 8998 
2 7034 3424 
4 6807 690 3386 6046 
3 922 9246 1919 
4 1974 1015 1609 1755 
3 6371 1646 1961 
2 206 4420 
2 1433 408 
2 6455 8831 
2 3982 8107 
3 9168 5751 1657 
3 1732 1641 5045 
2 9217 6624 
4 7098 5099 3761 9486 
4 6734 6962 6629 9464 
2 2989 7949 
3 1258 1473 5935 
4 4167 9932 3499 3266 
3 5084 9981 1124 
3 1809 1321 3954 
3 1713 1863 3598 
3 6932 3757 1831 
4 1787 3255 4943 4955 
2 1947 2092 
2 3182 6596 
2 8802 7540 
2 3237 7303 
3 3189 1889 994 
3 1570 4781 7375 
2 8839 4134 
3 7416 2963 6085 
2 1554 2658 
3 2511 2723 4941 
3 1944 254 2950 
2 4064 3475 
2 3161 2960 
3 4022 1511 495 
4 3155 4870 121 4098 
4 4791 2533 4920 8595 
2 1626 6192 
4 7274 1040 2120 9878 
4 9642 9862 6770 3428 
3 5645 712 3177 
2 7906 7585 
3 1353 3852 4205 
4 3533 3534 1191 584 
3 8644 2784 4842 
3 6786 6343 6783 
2 7974 7580 
3 9510 8065 251 
3 7509 9720 3580 
4 2227 1461 8441 3957 
4 8609 3075 7972 3305 
2 525 1139 
4 5555 2791 2347 492 
3 8159 2819 9868 
3 2927 9658 247 
4 4402 6380 7995 2528 
4 9840 5963 2097 9031 
4 3717 3494 8366 1240 
2 6909 7082 
4 7456 1282 5408 1080 
4 7099 8966 9542 9105 
4 5778 5487 4591 7042 
4 9695 5227 820 3542 
4 2643 6958 5620 3318 
3 1694 9073 4652 
2 6850 3238 
3 8379 3702 7203 
3 1520 2687 1914 
2 4273 3948 
2 3681 8531 
3 6162 1295 9531 
4 2095 1814 4904 1727 
3 1563 9174 754 
2 8636 4981 
4 7703 1193 6170 5133 
3 8452 916 7784 
3 6831 5640 6679 
4 2344 4404 4171 9629 
2 3482 5510 
4 9024 8974 1802 3382 
4 6532 3322 6496 5676 
3 3531 2011 4074 
4 7935 5371 4050 3736 
2 7579 8191 
2 8902 4707 
2 3524 4685 
4 1271 8650 5725 2815 
4 1850 9097 5732 3945 
4 7189 5692 8530 4597 
4 3568 9697 8496 516 
2 581 6964 
3 6055 452 3740 
2 8908 1366 
2 6445 9690 
2 8911 8639 
3 1962 3011 7043 
4 36 5144 4543 3336 
2 4090 9183 
4 9755 8516 61 276 
4 2525 7545 905 6816 
3 7588 3729 3823 
3 7933 8572 9326 
4 5693 4110 8057 2060 
3 3691 6358 6876 
3 7225 8036 7883 
4 6008 4005 4224 9443 
3 4975 6117 2164 
2 8818 1394 
3 6060 383 8261 
3 3525 8414 9512 
4 5946 8590 1931 9444 
4 9819 8927 2343 9269 
2 7985 3858 
3 3865 1014 2079 
4 7601 1811 1819 9502 
2 5493 2788 
2 3528 5656 
3 7061 8044 2524 
4 5847 504 3232 704 
3 7744 1083 9285 
2 5460 7446 
4 6516 2146 8256 6547 
4 5942 8297 8750 1298 
4 732 7448 3458 5976 
2 4414 4549 
2 4978 7996 
3 1212 446 3080 
3 9590 4668 8924 
2 5262 9719 
4 9193 8855 9632 557 
4 2522 9564 1156 4880 
3 1943 5297 3792 
3 6651 2157 272 
2 6718 5838 
2 4331 3102 
3 7961 6125 6674 
4 1773 6175 4318 3783 
2 8424 6667 
2 2312 4283 
2 5779 9539 
2 9956 2407 
4 5512 3545 5221 9247 
3 1571 4600 2544 
2 4063 9089 
3 363 2425 200 
2 944 9939 
4 570 3680 6822 8169 
4 8931 6562 1309 4374 
3 4766 5541 1695 
4 8200 866 8497 6587 
2 440 1567 
3 5738 8904 3000 
3 4989 3581 2116 
3 1846 5614 489 
4 9261 6245 3228 9974 
3 5940 8076 939 
3 5112 1739 7566 
3 8300 2180 798 
4 8830 6893 3718 9329 
4 2291 2616 3038 1056 
3 3278 8643 7495 
3 329 4872 9527 
2 5482 3141 
4 8502 2638 4833 6356 
2 8045 9143 
3 1698 3624 8295 
2 6082 8514 
3 6698 191 677 
2 2874 6646 
3 9752 4845 9166 
3 7428 147 1376 
2 3870 2313 
3 9875 2782 3493 
2 1525 6035 
3 7289 1742 2625 
3 9268 5264 2154 
4 6132 5073 7024 5815 
3 1099 4235 9418 
3 5106 5866 250 
2 188 1442 
2 5443 3427 
3 3252 9046 7846 
3 4620 4349 9465 
3 8470 5784 174 
3 6392 5411 8467 
3 7970 3142 2925 
2 5694 4379 
4 2136 8067 6639 7518 
4 4277 4186 8037 8269 
4 5629 117 6656 8238 
4 9249 9961 2314 7386 
4 5522 1935 612 7083 
2 5050 9852 
4 8156 3907 3855 725 
3 3054 996 5072 
4 3219 176 4173 7821 
2 1037 911 
4 9627 5529 79 4780 
3 8066 5235 5177 
4 6446 8168 9362 4071 
2 7604 5093 
3 900 9225 5679 
2 7712 6283 
2 5681 9682 
4 2682 3860 7060 519 
4 3209 453 572 4590 
4 9100 6549 9937 8464 
2 1751 9836 
2 6252 907 
2 3417 7990 
4 5932 4475 9586 3037 
4 4428 5407 7794 6279 
3 6457 4280 428 
4 8519 3715 9267 9495 
3 1482 5303 5883 
4 422 2480 3055 9759 
3 3365 5014 373 
3 3857 9275 7727 
2 6868 3349 
3 8307 1677 8957 
4 3310 4133 9343 4861 
2 9214 2833 
2 3599 6771 
2 3131 4068 
4 3606 8951 8323 7287 
2 2073 879 
4 9890 8833 7950 3668 
3 1890 4774 458 
4 5587 4462 1910 6143 
4 742 7427 2040 2598 
3 6182 7132 9108 
3 8635 1013 3212 
4 2688 2916 3884 2985 
4 2223 895 6399 5664 
4 6079 1614 9975 9231 
4 5886 5901 5431 8337 
3 1026 4640 8886 
2 6242 5789 
2 4231 5792 
4 159 2951 7413 8701 
2 2403 9051 
4 8219 5015 5002 3744 
2 1224 3380 
2 8330 3241 
3 6954 4019 3034 
3 9664 9609 5087 
4 8751 8053 6814 4067 
2 4916 7812 
4 855 9373 5181 2417 
4 1173 4926 5871 8503 
4 2601 7603 4852 3773 
2 8823 4958 
4 4704 5104 1624 6519 
4 4226 2395 4241 2619 
3 9603 7437 357 
3 7516 4578 8956 
3 2143 4208 6118 
2 8223 220 
3 5158 4957 3133 
2 3854 9854 
2 3645 208 
4 9295 3328 105 3192 
2 8449 3679 
4 6597 3009 6226 201 
4 9764 1391 6029 9833 
3 6147 5538 2396 
2 9912 7068 
3 6984 3096 1558 
4 5257 8853 4486 1292 
2 4008 631 
3 4328 4147 5267 
3 4700 3019 729 
3 4925 139 3643 
3 9652 6571 1856 
3 230 7513 3693 
3 2743 7402 1630 
4 9189 8909 9511 8487 
4 3089 8025 8089 3797 
3 8225 7336 6295 
4 1088 6111 7270 5863 
3 1976 9200 919 
2 1234 5907 
4 7247 6701 4352 6077 
4 3046 7863 2222 3655 
3 2246 4191 5340 
4 404 9851 3741 953 
3 2709 1857 3859 
4 7378 4021 6931 6894 
4 8062 4335 6758 5666 
3 4841 2871 4846 
2 7028 7243 
2 5503 4222 
3 4157 4238 7968 
3 1278 897 2652 
4 8283 7898 3496 4666 
2 7571 5854 
2 586 2380 
4 9290 6832 3989 2365 
4 2012 1835 4337 8629 
4 5445 5835 3076 8232 
4 7498 3743 7510 4558 
4 4030 7323 2684 5763 
2 3101 131 
3 8408 6086 6554 
3 3578 227 9276 
2 992 8322 
4 8549 6179 6759 1841 
4 5090 1068 4082 8626 
2 6861 3348 
2 7013 2134 
4 2669 1335 4803 9312 
3 6014 547 5302 
4 6741 2605 1553 793 
3 4726 4533 1978 
2 8292 1898 
4 1188 6965 4953 9104 
3 5068 1652 9563 
3 7150 942 5117 
2 1627 1792 
3 3795 6153 4651 
4 7066 4485 9230 6369 
3 2581 5984 4641 
2 2382 1313 
4 7206 8173 7349 3835 
4 5684 7478 6521 4112 
2 6692 6233 
4 6038 1679 6092 3285 
3 2366 7658 4739 
3 649 3618 1320 
4 4099 6416 3347 1343 
2 3983 8418 
2 8950 39 
2 2982 3346 
3 3904 4311 8393 
2 5187 8052 
3 8627 2285 1752 
4 7317 6095 3454 9644 
4 3094 2265 6590 3048 
3 7148 3001 1371 
4 8512 8556 8215 1281 
2 8716 9052 
3 4275 7673 5967 
4 2641 1041 5908 2710 
4 8006 1642 2031 2087 
2 1472 4229 
4 8807 4001 4753 3500 
4 8481 4228 3249 8054 
2 4568 6113 
4 1911 333 5926 4752 
3 8977 9894 9251 
2 773 3652 
4 3032 5982 9131 5446 
3 2124 1025 3354 
2 6053 324 
3 8396 3933 5931 
2 7044 6396 
3 1588 4836 284 
2 6081 3634 
2 3725 351 
3 3198 5336 5527 
2 7548 118 
3 8651 3567 6550 
3 1523 2142 9779 
3 1249 2325 2269 
3 8360 6585 9109 
3 7106 7087 3608 
2 1407 6044 
4 3713 349 3745 1129 
4 9514 5367 8231 606 
3 7681 1972 5744 
2 6641 515 
2 4799 3286 
3 4246 2689 1953 
3 1865 9158 7659 
2 6090 8866 
4 4580 7029 7844 4834 
4 5003 734 2757 6593 
4 4778 7795 9211 2037 
2 3866 2190 
2 3230 4571 
4 1189 3895 3570 7916 
3 5477 4465 5307 
3 1621 1847 6180 
2 3446 4436 
4 1599 4960 2479 1428 
2 5044 1105 
4 8406 8428 1731 5260 
4 2081 7824 9823 409 
3 7343 5491 1439 
3 4725 3804 8243 
4 1824 6756 4613 3553 
2 4179 5944 
2 804 114 
3 1776 3288 2464 
2 6573 5018 
4 9606 6328 5451 7891 
4 2093 336 6657 8822 
3 5105 4928 512 
3 9625 1471 2859 
3 4120 9115 5254 
2 8443 3571 
4 1592 2331 731 5644 
2 2492 8903 
4 9767 1341 7084 416 
4 7032 9482 2179 9019 
2 3211 7491 
2 5096 5456 
4 2979 9491 5814 6915 
3 9661 4009 9338 
2 2319 1437 
2 1960 1546 
3 9475 6884 7899 
3 2304 7035 4750 
3 2587 1536 7660 
3 860 2534 4188 
4 1985 9941 8104 874 
2 7851 5324 
3 8919 986 6172 
2 9282 8801 
2 1604 3988 
4 8600 2640 4947 4784 
3 1169 7943 783 
2 8207 5962 
3 6402 7232 5927 
4 7848 2711 2914 5801 
3 5755 2088 1730 
2 9506 8648 
3 8217 4570 2140 
3 2262 9821 789 
3 6128 1559 6904 
3 9152 4967 564 
4 2296 9221 3631 7141 
4 6849 393 6842 3112 
3 4299 421 4416 
3 8310 8796 2600 
4 2549 8546 1625 1896 
2 4020 95 
4 1337 1464 4633 2383 
2 5126 6262 
2 2837 9788 
3 7262 6677 1217 
3 6714 3452 5878 
3 6473 5898 6264 
4 8152 4269 8971 8550 
2 6022 1179 
3 1287 2418 3113 
2 2358 6431 
3 9116 4127 7909 
2 8559 3939 
4 5714 5358 3432 5489 
3 3550 249 5030 
4 650 7661 3312 4426 
4 4567 3175 5341 8721 
4 8809 7069 8980 161 
3 7163 2191 7668 
4 9471 1402 7688 8442 
2 8763 2673 
3 7620 6877 6987 
2 9976 2649 
3 1421 906 5699 
3 5430 9689 3244 
3 2155 2371 4716 
2 5452 7772 
3 7743 7017 9499 
4 1668 8460 2015 7799 
2 4732 8127 
4 6102 5633 3909 2108 
4 5584 4181 6537 5781 
4 2642 5054 6410 3468 
2 9540 2886 
4 2071 350 9426 5570 
4 5416 6385 580 7021 
3 4849 1964 837 
4 8611 8821 6979 8112 
4 3787 7559 7236 3307 
2 1192 8584 
4 8174 6888 4139 2795 
4 6219 1589 2278 1290 
2 4626 4209 
2 5442 8781 
4 3952 6625 7328 6999 
4 7366 283 9428 620 
2 3248 9678 
2 8778 5036 
3 6526 4865 3359 
4 41 8445 7662 1260 
4 7151 2152 6327 1503 
2 2047 355 
2 9350 1263 
4 6316 5113 8410 182 
4 6873 4077 4548 437 
2 9111 8879 
2 9768 1115 
4 3100 5990 6774 7563 
2 9577 8133 
2 2408 4148 
4 5575 6309 2444 430 
3 2419 6330 4922 
3 1367 3277 3687 
4 577 5888 806 9578 
2 2912 4176 
2 5894 3 
4 6230 5650 8446 7726 
4 7695 5882 6957 6420 
4 68 3521 2485 4900 
2 317 4859 
3 4848 684 2880 
2 4174 2824 
2 941 5616 
3 4480 3138 15 
2 1046 5318 
2 7946 4482 
4 8258 2363 959 1959 
2 5085 1593 
2 8106 9717 
2 7015 4315 
3 2674 9594 7018 
2 9672 4460 
3 1585 6693 5564 
2 6799 5549 
3 7351 6012 8206 
4 5026 4507 1661 8465 
3 4457 327 279 
3 4080 1002 2427 
4 3444 2249 8571 5472 
2 2628 8552 
2 9365 3556 
2 2133 5439 
4 685 9813 2008 3291 
4 2945 6286 842 3746 
3 2189 1052 7128 
3 5140 4057 5188 
3 3935 4544 3990 
2 8541 4158 
4 7129 6520 9780 2409 
3 9810 751 6285 
2 2465 2583 
4 9466 1670 7875 136 
4 3596 9558 8955 3366 
3 5060 5574 8376 
3 1983 7627 4210 
4 9963 7874 8313 7476 
3 9848 9164 1899 
4 8230 7371 3063 5290 
4 8368 9504 4808 4376 
2 2477 3084 
2 1073 636 
2 4682 3399 
2 8151 6421 
3 5374 6284 4491 
4 5787 3721 5498 1388 
3 8192 3774 711 
4 5410 7147 2913 675 
4 4429 4993 2357 9799 
3 5122 4690 8130 
2 4154 4177 
3 1734 6927 3923 
2 664 9393 
3 977 1664 523 
4 3669 3188 1724 5822 
4 4956 7419 4515 6882 
4 8493 7159 8136 2956 
4 8915 3821 3253 8694 
3 8664 1064 7781 
4 4446 4193 9735 6384 
2 3547 1680 
3 3900 4377 1879 

